<?xml version="1.0" encoding="UTF-8"?>
<testsuite name="com.earl.bank.integration.AccountTest" tests="6" skipped="0" failures="0" errors="0" timestamp="2026-07-10T01:03:29" hostname="PCRAFA" time="19.501">
  <properties/>
  <testcase name="getAccount()" classname="com.earl.bank.integration.AccountTest" time="5.784"/>
  <testcase name="For field currency should return At least one currency should be selected" classname="com.earl.bank.integration.AccountTest" time="3.367"/>
  <testcase name="For field country should return Country can not be empty" classname="com.earl.bank.integration.AccountTest" time="3.006"/>
  <testcase name="For field customerId should return Customer Id is can not be empty" classname="com.earl.bank.integration.AccountTest" time="2.541"/>
  <testcase name="loadContext()" classname="com.earl.bank.integration.AccountTest" time="2.262"/>
  <testcase name="createAccount()" classname="com.earl.bank.integration.AccountTest" time="2.419"/>
  <system-out><![CDATA[2026-07-09 22:03:25.502  INFO 30216 --- [    Test worker] .b.t.c.SpringBootTestContextBootstrapper : Neither @ContextConfiguration nor @ContextHierarchy found for test class [com.earl.bank.integration.AccountTest], using SpringBootContextLoader
2026-07-09 22:03:25.516  INFO 30216 --- [    Test worker] o.s.t.c.support.AbstractContextLoader    : Could not detect default resource locations for test class [com.earl.bank.integration.AccountTest]: no resource found for suffixes {-context.xml, Context.groovy}.
2026-07-09 22:03:25.518  INFO 30216 --- [    Test worker] t.c.s.AnnotationConfigContextLoaderUtils : Could not detect default configuration classes for test class [com.earl.bank.integration.AccountTest]: AccountTest does not declare any static, non-private, non-final, nested classes annotated with @Configuration.
2026-07-09 22:03:25.612  INFO 30216 --- [    Test worker] .b.t.c.SpringBootTestContextBootstrapper : Found @SpringBootConfiguration com.earl.bank.BankApplication for test class com.earl.bank.integration.AccountTest
2026-07-09 22:03:25.625  INFO 30216 --- [    Test worker] .b.t.c.SpringBootTestContextBootstrapper : Loaded default TestExecutionListener class names from location [META-INF/spring.factories]: [org.springframework.boot.test.autoconfigure.restdocs.RestDocsTestExecutionListener, org.springframework.boot.test.autoconfigure.web.client.MockRestServiceServerResetTestExecutionListener, org.springframework.boot.test.autoconfigure.web.servlet.MockMvcPrintOnlyOnFailureTestExecutionListener, org.springframework.boot.test.autoconfigure.web.servlet.WebDriverTestExecutionListener, org.springframework.boot.test.autoconfigure.webservices.client.MockWebServiceServerTestExecutionListener, org.springframework.boot.test.mock.mockito.MockitoTestExecutionListener, org.springframework.boot.test.mock.mockito.ResetMocksTestExecutionListener, org.springframework.test.context.web.ServletTestExecutionListener, org.springframework.test.context.support.DirtiesContextBeforeModesTestExecutionListener, org.springframework.test.context.event.ApplicationEventsTestExecutionListener, org.springframework.test.context.support.DependencyInjectionTestExecutionListener, org.springframework.test.context.support.DirtiesContextTestExecutionListener, org.springframework.test.context.transaction.TransactionalTestExecutionListener, org.springframework.test.context.jdbc.SqlScriptsTestExecutionListener, org.springframework.test.context.event.EventPublishingTestExecutionListener]
2026-07-09 22:03:25.626  INFO 30216 --- [    Test worker] .b.t.c.SpringBootTestContextBootstrapper : Using TestExecutionListeners: [org.springframework.test.context.web.ServletTestExecutionListener@4511146f, org.springframework.test.context.support.DirtiesContextBeforeModesTestExecutionListener@5c16561a, org.springframework.test.context.event.ApplicationEventsTestExecutionListener@5819ee0f, org.springframework.boot.test.mock.mockito.MockitoTestExecutionListener@f310675, org.springframework.boot.test.autoconfigure.SpringBootDependencyInjectionTestExecutionListener@424ec990, org.springframework.test.context.support.DirtiesContextTestExecutionListener@2c06e145, org.springframework.test.context.transaction.TransactionalTestExecutionListener@3b780b5c, org.springframework.test.context.jdbc.SqlScriptsTestExecutionListener@3c7db0e8, org.springframework.test.context.event.EventPublishingTestExecutionListener@84becbe, org.springframework.boot.test.autoconfigure.restdocs.RestDocsTestExecutionListener@13dc383b, org.springframework.boot.test.autoconfigure.web.client.MockRestServiceServerResetTestExecutionListener@6885f3f7, org.springframework.boot.test.autoconfigure.web.servlet.MockMvcPrintOnlyOnFailureTestExecutionListener@392ef4ff, org.springframework.boot.test.autoconfigure.web.servlet.WebDriverTestExecutionListener@6ed7c178, org.springframework.boot.test.autoconfigure.webservices.client.MockWebServiceServerTestExecutionListener@1c382179, org.springframework.boot.test.mock.mockito.ResetMocksTestExecutionListener@5b657342]

  .   ____          _            __ _ _
 /\\ / ___'_ __ _ _(_)_ __  __ _ \ \ \ \
( ( )\___ | '_ | '_| | '_ \/ _` | \ \ \ \
 \\/  ___)| |_)| | | | | || (_| |  ) ) ) )
  '  |____| .__|_| |_|_| |_\__, | / / / /
 =========|_|==============|___/=/_/_/_/
 :: Spring Boot ::                (v2.6.7)

2026-07-09 22:03:25.768  INFO 30216 --- [    Test worker] com.earl.bank.integration.AccountTest    : Starting AccountTest using Java 21.0.7 on pcRafa with PID 30216 (started by rafae in C:\Users\rafae\Downloads\t2_verival\t2_verival)
2026-07-09 22:03:25.769  INFO 30216 --- [    Test worker] com.earl.bank.integration.AccountTest    : The following 1 profile is active: "test"
2026-07-09 22:03:26.805  INFO 30216 --- [    Test worker] o.s.j.d.e.EmbeddedDatabaseFactory        : Starting embedded database: url='jdbc:h2:mem:9ac14fff-fcd8-45e3-9696-efeed3e83c72;DB_CLOSE_DELAY=-1;DB_CLOSE_ON_EXIT=false', username='sa'
2026-07-09 22:03:29.805  INFO 30216 --- [    Test worker] o.s.b.t.m.w.SpringBootMockServletContext : Initializing Spring TestDispatcherServlet ''
2026-07-09 22:03:29.806  INFO 30216 --- [    Test worker] o.s.t.web.servlet.TestDispatcherServlet  : Initializing Servlet ''
2026-07-09 22:03:29.809  INFO 30216 --- [    Test worker] o.s.t.web.servlet.TestDispatcherServlet  : Completed initialization in 3 ms
2026-07-09 22:03:29.858  INFO 30216 --- [    Test worker] com.earl.bank.integration.AccountTest    : Started AccountTest in 4.227 seconds (JVM running for 43.123)
2026-07-09 22:03:29.965  INFO 30216 --- [    Test worker] o.s.j.d.e.EmbeddedDatabaseFactory        : Shutting down embedded database: url='jdbc:h2:mem:9ac14fff-fcd8-45e3-9696-efeed3e83c72;DB_CLOSE_DELAY=-1;DB_CLOSE_ON_EXIT=false'

  .   ____          _            __ _ _
 /\\ / ___'_ __ _ _(_)_ __  __ _ \ \ \ \
( ( )\___ | '_ | '_| | '_ \/ _` | \ \ \ \
 \\/  ___)| |_)| | | | | || (_| |  ) ) ) )
  '  |____| .__|_| |_|_| |_\__, | / / / /
 =========|_|==============|___/=/_/_/_/
 :: Spring Boot ::                (v2.6.7)

2026-07-09 22:03:30.059  INFO 30216 --- [    Test worker] com.earl.bank.integration.AccountTest    : Starting AccountTest using Java 21.0.7 on pcRafa with PID 30216 (started by rafae in C:\Users\rafae\Downloads\t2_verival\t2_verival)
2026-07-09 22:03:30.061  INFO 30216 --- [    Test worker] com.earl.bank.integration.AccountTest    : The following 1 profile is active: "test"
2026-07-09 22:03:31.354  INFO 30216 --- [    Test worker] o.s.j.d.e.EmbeddedDatabaseFactory        : Starting embedded database: url='jdbc:h2:mem:eb918f2d-0294-4c50-ab5a-47d11f66a653;DB_CLOSE_DELAY=-1;DB_CLOSE_ON_EXIT=false', username='sa'
2026-07-09 22:03:33.610  INFO 30216 --- [    Test worker] o.s.b.t.m.w.SpringBootMockServletContext : Initializing Spring TestDispatcherServlet ''
2026-07-09 22:03:33.611  INFO 30216 --- [    Test worker] o.s.t.web.servlet.TestDispatcherServlet  : Initializing Servlet ''
2026-07-09 22:03:33.612  INFO 30216 --- [    Test worker] o.s.t.web.servlet.TestDispatcherServlet  : Completed initialization in 1 ms
2026-07-09 22:03:33.655  INFO 30216 --- [    Test worker] com.earl.bank.integration.AccountTest    : Started AccountTest in 3.675 seconds (JVM running for 46.92)
2026-07-09 22:03:35.785  INFO 30216 --- [    Test worker] o.s.j.d.e.EmbeddedDatabaseFactory        : Shutting down embedded database: url='jdbc:h2:mem:eb918f2d-0294-4c50-ab5a-47d11f66a653;DB_CLOSE_DELAY=-1;DB_CLOSE_ON_EXIT=false'

  .   ____          _            __ _ _
 /\\ / ___'_ __ _ _(_)_ __  __ _ \ \ \ \
( ( )\___ | '_ | '_| | '_ \/ _` | \ \ \ \
 \\/  ___)| |_)| | | | | || (_| |  ) ) ) )
  '  |____| .__|_| |_|_| |_\__, | / / / /
 =========|_|==============|___/=/_/_/_/
 :: Spring Boot ::                (v2.6.7)

2026-07-09 22:03:35.887  INFO 30216 --- [    Test worker] com.earl.bank.integration.AccountTest    : Starting AccountTest using Java 21.0.7 on pcRafa with PID 30216 (started by rafae in C:\Users\rafae\Downloads\t2_verival\t2_verival)
2026-07-09 22:03:35.888  INFO 30216 --- [    Test worker] com.earl.bank.integration.AccountTest    : The following 1 profile is active: "test"
2026-07-09 22:03:36.763  INFO 30216 --- [    Test worker] o.s.j.d.e.EmbeddedDatabaseFactory        : Starting embedded database: url='jdbc:h2:mem:6c43595d-c53f-478d-8696-64b83fa2f080;DB_CLOSE_DELAY=-1;DB_CLOSE_ON_EXIT=false', username='sa'
2026-07-09 22:03:38.925  INFO 30216 --- [    Test worker] o.s.b.t.m.w.SpringBootMockServletContext : Initializing Spring TestDispatcherServlet ''
2026-07-09 22:03:38.926  INFO 30216 --- [    Test worker] o.s.t.web.servlet.TestDispatcherServlet  : Initializing Servlet ''
2026-07-09 22:03:38.927  INFO 30216 --- [    Test worker] o.s.t.web.servlet.TestDispatcherServlet  : Completed initialization in 1 ms
2026-07-09 22:03:38.948  INFO 30216 --- [    Test worker] com.earl.bank.integration.AccountTest    : Started AccountTest in 3.157 seconds (JVM running for 52.214)
2026-07-09 22:03:39.179  INFO 30216 --- [    Test worker] o.s.j.d.e.EmbeddedDatabaseFactory        : Shutting down embedded database: url='jdbc:h2:mem:6c43595d-c53f-478d-8696-64b83fa2f080;DB_CLOSE_DELAY=-1;DB_CLOSE_ON_EXIT=false'

  .   ____          _            __ _ _
 /\\ / ___'_ __ _ _(_)_ __  __ _ \ \ \ \
( ( )\___ | '_ | '_| | '_ \/ _` | \ \ \ \
 \\/  ___)| |_)| | | | | || (_| |  ) ) ) )
  '  |____| .__|_| |_|_| |_\__, | / / / /
 =========|_|==============|___/=/_/_/_/
 :: Spring Boot ::                (v2.6.7)

2026-07-09 22:03:39.246  INFO 30216 --- [    Test worker] com.earl.bank.integration.AccountTest    : Starting AccountTest using Java 21.0.7 on pcRafa with PID 30216 (started by rafae in C:\Users\rafae\Downloads\t2_verival\t2_verival)
2026-07-09 22:03:39.247  INFO 30216 --- [    Test worker] com.earl.bank.integration.AccountTest    : The following 1 profile is active: "test"
2026-07-09 22:03:40.348  INFO 30216 --- [    Test worker] o.s.j.d.e.EmbeddedDatabaseFactory        : Starting embedded database: url='jdbc:h2:mem:0cc23ffb-dff6-433f-aa1e-592c586f08b7;DB_CLOSE_DELAY=-1;DB_CLOSE_ON_EXIT=false', username='sa'
2026-07-09 22:03:42.075  INFO 30216 --- [    Test worker] o.s.b.t.m.w.SpringBootMockServletContext : Initializing Spring TestDispatcherServlet ''
2026-07-09 22:03:42.076  INFO 30216 --- [    Test worker] o.s.t.web.servlet.TestDispatcherServlet  : Initializing Servlet ''
2026-07-09 22:03:42.076  INFO 30216 --- [    Test worker] o.s.t.web.servlet.TestDispatcherServlet  : Completed initialization in 0 ms
2026-07-09 22:03:42.092  INFO 30216 --- [    Test worker] com.earl.bank.integration.AccountTest    : Started AccountTest in 2.905 seconds (JVM running for 55.358)
2026-07-09 22:03:42.174  INFO 30216 --- [    Test worker] o.s.j.d.e.EmbeddedDatabaseFactory        : Shutting down embedded database: url='jdbc:h2:mem:0cc23ffb-dff6-433f-aa1e-592c586f08b7;DB_CLOSE_DELAY=-1;DB_CLOSE_ON_EXIT=false'

  .   ____          _            __ _ _
 /\\ / ___'_ __ _ _(_)_ __  __ _ \ \ \ \
( ( )\___ | '_ | '_| | '_ \/ _` | \ \ \ \
 \\/  ___)| |_)| | | | | || (_| |  ) ) ) )
  '  |____| .__|_| |_|_| |_\__, | / / / /
 =========|_|==============|___/=/_/_/_/
 :: Spring Boot ::                (v2.6.7)

2026-07-09 22:03:42.281  INFO 30216 --- [    Test worker] com.earl.bank.integration.AccountTest    : Starting AccountTest using Java 21.0.7 on pcRafa with PID 30216 (started by rafae in C:\Users\rafae\Downloads\t2_verival\t2_verival)
2026-07-09 22:03:42.282  INFO 30216 --- [    Test worker] com.earl.bank.integration.AccountTest    : The following 1 profile is active: "test"
2026-07-09 22:03:43.202  INFO 30216 --- [    Test worker] o.s.j.d.e.EmbeddedDatabaseFactory        : Starting embedded database: url='jdbc:h2:mem:b7215c26-16ef-4ce6-a1bb-6d576c11259b;DB_CLOSE_DELAY=-1;DB_CLOSE_ON_EXIT=false', username='sa'
2026-07-09 22:03:44.614  INFO 30216 --- [    Test worker] o.s.b.t.m.w.SpringBootMockServletContext : Initializing Spring TestDispatcherServlet ''
2026-07-09 22:03:44.614  INFO 30216 --- [    Test worker] o.s.t.web.servlet.TestDispatcherServlet  : Initializing Servlet ''
2026-07-09 22:03:44.615  INFO 30216 --- [    Test worker] o.s.t.web.servlet.TestDispatcherServlet  : Completed initialization in 0 ms
2026-07-09 22:03:44.626  INFO 30216 --- [    Test worker] com.earl.bank.integration.AccountTest    : Started AccountTest in 2.445 seconds (JVM running for 57.891)
2026-07-09 22:03:44.716  INFO 30216 --- [    Test worker] o.s.j.d.e.EmbeddedDatabaseFactory        : Shutting down embedded database: url='jdbc:h2:mem:b7215c26-16ef-4ce6-a1bb-6d576c11259b;DB_CLOSE_DELAY=-1;DB_CLOSE_ON_EXIT=false'

  .   ____          _            __ _ _
 /\\ / ___'_ __ _ _(_)_ __  __ _ \ \ \ \
( ( )\___ | '_ | '_| | '_ \/ _` | \ \ \ \
 \\/  ___)| |_)| | | | | || (_| |  ) ) ) )
  '  |____| .__|_| |_|_| |_\__, | / / / /
 =========|_|==============|___/=/_/_/_/
 :: Spring Boot ::                (v2.6.7)

2026-07-09 22:03:44.785  INFO 30216 --- [    Test worker] com.earl.bank.integration.AccountTest    : Starting AccountTest using Java 21.0.7 on pcRafa with PID 30216 (started by rafae in C:\Users\rafae\Downloads\t2_verival\t2_verival)
2026-07-09 22:03:44.789  INFO 30216 --- [    Test worker] com.earl.bank.integration.AccountTest    : The following 1 profile is active: "test"
2026-07-09 22:03:45.589  INFO 30216 --- [    Test worker] o.s.j.d.e.EmbeddedDatabaseFactory        : Starting embedded database: url='jdbc:h2:mem:e8128867-4164-40d0-b7b9-bf89da32d7ba;DB_CLOSE_DELAY=-1;DB_CLOSE_ON_EXIT=false', username='sa'
2026-07-09 22:03:46.900  INFO 30216 --- [    Test worker] o.s.b.t.m.w.SpringBootMockServletContext : Initializing Spring TestDispatcherServlet ''
2026-07-09 22:03:46.901  INFO 30216 --- [    Test worker] o.s.t.web.servlet.TestDispatcherServlet  : Initializing Servlet ''
2026-07-09 22:03:46.902  INFO 30216 --- [    Test worker] o.s.t.web.servlet.TestDispatcherServlet  : Completed initialization in 1 ms
2026-07-09 22:03:46.916  INFO 30216 --- [    Test worker] com.earl.bank.integration.AccountTest    : Started AccountTest in 2.195 seconds (JVM running for 60.181)
2026-07-09 22:03:46.997  INFO 30216 --- [    Test worker] o.s.j.d.e.EmbeddedDatabaseFactory        : Shutting down embedded database: url='jdbc:h2:mem:e8128867-4164-40d0-b7b9-bf89da32d7ba;DB_CLOSE_DELAY=-1;DB_CLOSE_ON_EXIT=false'

  .   ____          _            __ _ _
 /\\ / ___'_ __ _ _(_)_ __  __ _ \ \ \ \
( ( )\___ | '_ | '_| | '_ \/ _` | \ \ \ \
 \\/  ___)| |_)| | | | | || (_| |  ) ) ) )
  '  |____| .__|_| |_|_| |_\__, | / / / /
 =========|_|==============|___/=/_/_/_/
 :: Spring Boot ::                (v2.6.7)

2026-07-09 22:03:47.099  INFO 30216 --- [    Test worker] com.earl.bank.integration.AccountTest    : Starting AccountTest using Java 21.0.7 on pcRafa with PID 30216 (started by rafae in C:\Users\rafae\Downloads\t2_verival\t2_verival)
2026-07-09 22:03:47.102  INFO 30216 --- [    Test worker] com.earl.bank.integration.AccountTest    : The following 1 profile is active: "test"
2026-07-09 22:03:48.013  INFO 30216 --- [    Test worker] o.s.j.d.e.EmbeddedDatabaseFactory        : Starting embedded database: url='jdbc:h2:mem:54734170-e2d0-4aa5-a5ed-7eaa8b0eaeb2;DB_CLOSE_DELAY=-1;DB_CLOSE_ON_EXIT=false', username='sa'
2026-07-09 22:03:49.284  INFO 30216 --- [    Test worker] o.s.b.t.m.w.SpringBootMockServletContext : Initializing Spring TestDispatcherServlet ''
2026-07-09 22:03:49.285  INFO 30216 --- [    Test worker] o.s.t.web.servlet.TestDispatcherServlet  : Initializing Servlet ''
2026-07-09 22:03:49.286  INFO 30216 --- [    Test worker] o.s.t.web.servlet.TestDispatcherServlet  : Completed initialization in 1 ms
2026-07-09 22:03:49.293  INFO 30216 --- [    Test worker] com.earl.bank.integration.AccountTest    : Started AccountTest in 2.291 seconds (JVM running for 62.559)
]]></system-out>
  <system-err><![CDATA[]]></system-err>
</testsuite>
