<?xml version="1.0" encoding="UTF-8"?>
<testsuite name="com.earl.bank.logging.AOPLoggingTest" tests="2" skipped="0" failures="0" errors="0" timestamp="2026-07-10T01:04:22" hostname="PCRAFA" time="3.825">
  <properties/>
  <testcase name="afterCreateTransaction()" classname="com.earl.bank.logging.AOPLoggingTest" time="1.933"/>
  <testcase name="afterCreateAccount()" classname="com.earl.bank.logging.AOPLoggingTest" time="1.888"/>
  <system-out><![CDATA[2026-07-09 22:04:22.110  INFO 30216 --- [    Test worker] .b.t.c.SpringBootTestContextBootstrapper : Neither @ContextConfiguration nor @ContextHierarchy found for test class [com.earl.bank.logging.AOPLoggingTest], using SpringBootContextLoader
2026-07-09 22:04:22.111  INFO 30216 --- [    Test worker] o.s.t.c.support.AbstractContextLoader    : Could not detect default resource locations for test class [com.earl.bank.logging.AOPLoggingTest]: no resource found for suffixes {-context.xml, Context.groovy}.
2026-07-09 22:04:22.111  INFO 30216 --- [    Test worker] t.c.s.AnnotationConfigContextLoaderUtils : Could not detect default configuration classes for test class [com.earl.bank.logging.AOPLoggingTest]: AOPLoggingTest does not declare any static, non-private, non-final, nested classes annotated with @Configuration.
2026-07-09 22:04:22.121  INFO 30216 --- [    Test worker] .b.t.c.SpringBootTestContextBootstrapper : Found @SpringBootConfiguration com.earl.bank.BankApplication for test class com.earl.bank.logging.AOPLoggingTest
2026-07-09 22:04:22.128  INFO 30216 --- [    Test worker] .b.t.c.SpringBootTestContextBootstrapper : Loaded default TestExecutionListener class names from location [META-INF/spring.factories]: [org.springframework.boot.test.autoconfigure.restdocs.RestDocsTestExecutionListener, org.springframework.boot.test.autoconfigure.web.client.MockRestServiceServerResetTestExecutionListener, org.springframework.boot.test.autoconfigure.web.servlet.MockMvcPrintOnlyOnFailureTestExecutionListener, org.springframework.boot.test.autoconfigure.web.servlet.WebDriverTestExecutionListener, org.springframework.boot.test.autoconfigure.webservices.client.MockWebServiceServerTestExecutionListener, org.springframework.boot.test.mock.mockito.MockitoTestExecutionListener, org.springframework.boot.test.mock.mockito.ResetMocksTestExecutionListener, org.springframework.test.context.web.ServletTestExecutionListener, org.springframework.test.context.support.DirtiesContextBeforeModesTestExecutionListener, org.springframework.test.context.event.ApplicationEventsTestExecutionListener, org.springframework.test.context.support.DependencyInjectionTestExecutionListener, org.springframework.test.context.support.DirtiesContextTestExecutionListener, org.springframework.test.context.transaction.TransactionalTestExecutionListener, org.springframework.test.context.jdbc.SqlScriptsTestExecutionListener, org.springframework.test.context.event.EventPublishingTestExecutionListener]
2026-07-09 22:04:22.128  INFO 30216 --- [    Test worker] .b.t.c.SpringBootTestContextBootstrapper : Using TestExecutionListeners: [org.springframework.test.context.web.ServletTestExecutionListener@f4694f8, org.springframework.test.context.support.DirtiesContextBeforeModesTestExecutionListener@12a16e42, org.springframework.test.context.event.ApplicationEventsTestExecutionListener@143dc03a, org.springframework.boot.test.mock.mockito.MockitoTestExecutionListener@72464f26, org.springframework.boot.test.autoconfigure.SpringBootDependencyInjectionTestExecutionListener@491ce4c2, org.springframework.test.context.support.DirtiesContextTestExecutionListener@50d640dd, org.springframework.test.context.transaction.TransactionalTestExecutionListener@2a1066ed, org.springframework.test.context.jdbc.SqlScriptsTestExecutionListener@6aef33f6, org.springframework.test.context.event.EventPublishingTestExecutionListener@447bf09d, org.springframework.boot.test.autoconfigure.restdocs.RestDocsTestExecutionListener@26499067, org.springframework.boot.test.autoconfigure.web.client.MockRestServiceServerResetTestExecutionListener@f47bd4d, org.springframework.boot.test.autoconfigure.web.servlet.MockMvcPrintOnlyOnFailureTestExecutionListener@1c244fd0, org.springframework.boot.test.autoconfigure.web.servlet.WebDriverTestExecutionListener@7c0abd1, org.springframework.boot.test.autoconfigure.webservices.client.MockWebServiceServerTestExecutionListener@6d60c9e6, org.springframework.boot.test.mock.mockito.ResetMocksTestExecutionListener@5fffbcd2]
2026-07-09 22:04:22.147  INFO 30216 --- [    Test worker] o.s.j.d.e.EmbeddedDatabaseFactory        : Shutting down embedded database: url='jdbc:h2:mem:fb6b4897-b8f1-4b90-9e8e-e4e4e255beba;DB_CLOSE_DELAY=-1;DB_CLOSE_ON_EXIT=false'

  .   ____          _            __ _ _
 /\\ / ___'_ __ _ _(_)_ __  __ _ \ \ \ \
( ( )\___ | '_ | '_| | '_ \/ _` | \ \ \ \
 \\/  ___)| |_)| | | | | || (_| |  ) ) ) )
  '  |____| .__|_| |_|_| |_\__, | / / / /
 =========|_|==============|___/=/_/_/_/
 :: Spring Boot ::                (v2.6.7)

2026-07-09 22:04:22.197  INFO 30216 --- [    Test worker] com.earl.bank.logging.AOPLoggingTest     : Starting AOPLoggingTest using Java 21.0.7 on pcRafa with PID 30216 (started by rafae in C:\Users\rafae\Downloads\t2_verival\t2_verival)
2026-07-09 22:04:22.198  INFO 30216 --- [    Test worker] com.earl.bank.logging.AOPLoggingTest     : The following 1 profile is active: "test"
2026-07-09 22:04:22.901  INFO 30216 --- [    Test worker] o.s.j.d.e.EmbeddedDatabaseFactory        : Starting embedded database: url='jdbc:h2:mem:3aa093ca-63be-4658-bf81-91c44891c4be;DB_CLOSE_DELAY=-1;DB_CLOSE_ON_EXIT=false', username='sa'
2026-07-09 22:04:24.006  INFO 30216 --- [    Test worker] com.earl.bank.logging.AOPLoggingTest     : Started AOPLoggingTest in 1.856 seconds (JVM running for 97.272)
2026-07-09 22:04:24.081  INFO 30216 --- [    Test worker] o.s.j.d.e.EmbeddedDatabaseFactory        : Shutting down embedded database: url='jdbc:h2:mem:3aa093ca-63be-4658-bf81-91c44891c4be;DB_CLOSE_DELAY=-1;DB_CLOSE_ON_EXIT=false'

  .   ____          _            __ _ _
 /\\ / ___'_ __ _ _(_)_ __  __ _ \ \ \ \
( ( )\___ | '_ | '_| | '_ \/ _` | \ \ \ \
 \\/  ___)| |_)| | | | | || (_| |  ) ) ) )
  '  |____| .__|_| |_|_| |_\__, | / / / /
 =========|_|==============|___/=/_/_/_/
 :: Spring Boot ::                (v2.6.7)

2026-07-09 22:04:24.125  INFO 30216 --- [    Test worker] com.earl.bank.logging.AOPLoggingTest     : Starting AOPLoggingTest using Java 21.0.7 on pcRafa with PID 30216 (started by rafae in C:\Users\rafae\Downloads\t2_verival\t2_verival)
2026-07-09 22:04:24.126  INFO 30216 --- [    Test worker] com.earl.bank.logging.AOPLoggingTest     : The following 1 profile is active: "test"
2026-07-09 22:04:24.682  INFO 30216 --- [    Test worker] o.s.j.d.e.EmbeddedDatabaseFactory        : Starting embedded database: url='jdbc:h2:mem:c16f0415-9405-4928-80eb-21a2c75ce98f;DB_CLOSE_DELAY=-1;DB_CLOSE_ON_EXIT=false', username='sa'
2026-07-09 22:04:25.919  INFO 30216 --- [    Test worker] com.earl.bank.logging.AOPLoggingTest     : Started AOPLoggingTest in 1.834 seconds (JVM running for 99.185)
]]></system-out>
  <system-err><![CDATA[]]></system-err>
</testsuite>
